<?xml version="1.0" encoding="UTF-8"?>
<!-- Generated by org.testng.reporters.JUnitXMLReporter -->
<testsuite ignored="0" hostname="DESKTOP-1CCS179" failures="1" tests="2" name="Test" time="54.701" errors="0" timestamp="2022-07-21T20:44:47 IST">
  <testcase classname="com.qa.testLayer.TradingPageTest" name="buyShareAxis" time="9.324">
    <failure type="java.lang.AssertionError" message="expected [Order Created ccessfully] but found [Order Created successfully]">
      <![CDATA[java.lang.AssertionError: expected [Order Created ccessfully] but found [Order Created successfully]
at com.qa.testLayer.TradingPageTest.buyShareAxis(TradingPageTest.java:43)
at java.base/java.util.ArrayList.forEach(ArrayList.java:1511)
... Removed 33 stack frames]]>
    </failure>
  </testcase> <!-- buyShareAxis -->
  <testcase classname="com.qa.testLayer.TradingPageTest" name="buyShareWipro" time="9.228"/>
</testsuite> <!-- Test -->
